pushDemo/build/outputs/logs/manifest-merger-debug-report.txt
-- Merging decision tree log ---
manifest
ADDED from src\main\AndroidManifest.xml:2:1-125:12
	xmlns:android
		ADDED from src\main\AndroidManifest.xml:2:11-69
	package
		ADDED from src\main\AndroidManifest.xml:3:5-37
		INJECTED from src\main\AndroidManifest.xml
		INJECTED from src\main\AndroidManifest.xml
	android:versionName
		ADDED from src\main\AndroidManifest.xml:5:5-32
	android:versionCode
		ADDED from src\main\AndroidManifest.xml:4:5-29
		INJECTED from src\main\AndroidManifest.xml
		INJECTED from src\main\AndroidManifest.xml
uses-sdk
ADDED from src\main\AndroidManifest.xml:7:5-9:41
	android:targetSdkVersion
		ADDED from src\main\AndroidManifest.xml:9:9-38
		INJECTED from src\main\AndroidManifest.xml
		INJECTED from src\main\AndroidManifest.xml
	android:minSdkVersion
		ADDED from src\main\AndroidManifest.xml:8:9-34
		INJECTED from src\main\AndroidManifest.xml
		INJECTED from src\main\AndroidManifest.xml
uses-permission#android.permission.INTERNET
ADDED from src\main\AndroidManifest.xml:11:5-67
	android:name
		ADDED from src\main\AndroidManifest.xml:11:22-64
uses-permission#android.permission.READ_PHONE_STATE
ADDED from src\main\AndroidManifest.xml:12:5-75
	android:name
		ADDED from src\main\AndroidManifest.xml:12:22-72
uses-permission#android.permission.ACCESS_NETWORK_STATE
ADDED from src\main\AndroidManifest.xml:13:5-79
	android:name
		ADDED from src\main\AndroidManifest.xml:13:22-76
uses-permission#android.permission.RECEIVE_BOOT_COMPLETED
ADDED from src\main\AndroidManifest.xml:14:5-81
	android:name
		ADDED from src\main\AndroidManifest.xml:14:22-78
uses-permission#android.permission.WRITE_SETTINGS
ADDED from src\main\AndroidManifest.xml:15:5-73
	android:name
		ADDED from src\main\AndroidManifest.xml:15:22-70
uses-permission#android.permission.VIBRATE
ADDED from src\main\AndroidManifest.xml:16:5-66
	android:name
		ADDED from src\main\AndroidManifest.xml:16:22-63
uses-permission#android.permission.WRITE_EXTERNAL_STORAGE
ADDED from src\main\AndroidManifest.xml:17:5-81
	android:name
		ADDED from src\main\AndroidManifest.xml:17:22-78
uses-permission#android.permission.ACCESS_DOWNLOAD_MANAGER
ADDED from src\main\AndroidManifest.xml:18:5-82
	android:name
		ADDED from src\main\AndroidManifest.xml:18:22-79
uses-permission#android.permission.DOWNLOAD_WITHOUT_NOTIFICATION
ADDED from src\main\AndroidManifest.xml:19:5-88
	android:name
		ADDED from src\main\AndroidManifest.xml:19:22-85
uses-permission#android.permission.DISABLE_KEYGUARD
ADDED from src\main\AndroidManifest.xml:20:5-75
	android:name
		ADDED from src\main\AndroidManifest.xml:20:22-72
uses-permission#android.permission.ACCESS_COARSE_LOCATION
ADDED from src\main\AndroidManifest.xml:22:5-81
	android:name
		ADDED from src\main\AndroidManifest.xml:22:22-78
uses-permission#android.permission.ACCESS_WIFI_STATE
ADDED from src\main\AndroidManifest.xml:23:5-76
	android:name
		ADDED from src\main\AndroidManifest.xml:23:22-73
uses-permission#android.permission.EXPAND_STATUS_BAR
ADDED from src\main\AndroidManifest.xml:24:5-76
	android:name
		ADDED from src\main\AndroidManifest.xml:24:22-73
application
ADDED from src\main\AndroidManifest.xml:26:5-123:19
	android:label
		ADDED from src\main\AndroidManifest.xml:28:9-41
	android:icon
		ADDED from src\main\AndroidManifest.xml:27:9-45
activity#com.baidu.push.example.PushDemoActivity
ADDED from src\main\AndroidManifest.xml:29:9-39:20
	android:screenOrientation
		ADDED from src\main\AndroidManifest.xml:33:13-49
	android:label
		ADDED from src\main\AndroidManifest.xml:31:13-45
	android:name
		ADDED from src\main\AndroidManifest.xml:30:13-67
	android:launchMode
		ADDED from src\main\AndroidManifest.xml:32:13-44
intent-filter#android.intent.action.MAIN+android.intent.category.LAUNCHER
ADDED from src\main\AndroidManifest.xml:34:13-38:29
action#android.intent.action.MAIN
ADDED from src\main\AndroidManifest.xml:35:17-69
	android:name
		ADDED from src\main\AndroidManifest.xml:35:25-66
category#android.intent.category.LAUNCHER
ADDED from src\main\AndroidManifest.xml:37:17-77
	android:name
		ADDED from src\main\AndroidManifest.xml:37:27-74
activity#com.baidu.push.example.LoginActivity
ADDED from src\main\AndroidManifest.xml:40:9-44:20
	android:label
		ADDED from src\main\AndroidManifest.xml:43:13-42
	android:configChanges
		ADDED from src\main\AndroidManifest.xml:42:13-63
	android:name
		ADDED from src\main\AndroidManifest.xml:41:13-64
activity#com.baidu.push.example.CustomActivity
ADDED from src\main\AndroidManifest.xml:45:9-49:20
	android:configChanges
		ADDED from src\main\AndroidManifest.xml:47:13-63
	android:name
		ADDED from src\main\AndroidManifest.xml:46:13-65
	android:launchMode
		ADDED from src\main\AndroidManifest.xml:48:13-44
activity#com.baidu.android.pushservice.richmedia.MediaViewActivity
ADDED from src\main\AndroidManifest.xml:52:9-56:20
	android:label
		ADDED from src\main\AndroidManifest.xml:55:13-46
	android:configChanges
		ADDED from src\main\AndroidManifest.xml:54:13-63
	android:name
		ADDED from src\main\AndroidManifest.xml:53:13-85
activity#com.baidu.android.pushservice.richmedia.MediaListActivity
ADDED from src\main\AndroidManifest.xml:57:9-62:20
	android:label
		ADDED from src\main\AndroidManifest.xml:60:13-46
	android:configChanges
		ADDED from src\main\AndroidManifest.xml:59:13-63
	android:name
		ADDED from src\main\AndroidManifest.xml:58:13-85
	android:launchMode
		ADDED from src\main\AndroidManifest.xml:61:13-44
receiver#com.baidu.push.example.MyPushMessageReceiver
ADDED from src\main\AndroidManifest.xml:66:9-75:20
	android:name
		ADDED from src\main\AndroidManifest.xml:66:19-78
intent-filter#com.baidu.android.pushservice.action.MESSAGE+com.baidu.android.pushservice.action.RECEIVE+com.baidu.android.pushservice.action.notification.CLICK
ADDED from src\main\AndroidManifest.xml:67:13-74:29
action#com.baidu.android.pushservice.action.MESSAGE
ADDED from src\main\AndroidManifest.xml:70:17-87
	android:name
		ADDED from src\main\AndroidManifest.xml:70:25-84
action#com.baidu.android.pushservice.action.RECEIVE
ADDED from src\main\AndroidManifest.xml:72:17-87
	android:name
		ADDED from src\main\AndroidManifest.xml:72:25-84
action#com.baidu.android.pushservice.action.notification.CLICK
ADDED from src\main\AndroidManifest.xml:73:17-98
	android:name
		ADDED from src\main\AndroidManifest.xml:73:25-95
receiver#com.baidu.android.pushservice.PushServiceReceiver
ADDED from src\main\AndroidManifest.xml:78:9-92:20
	android:process
		ADDED from src\main\AndroidManifest.xml:80:13-44
	android:name
		ADDED from src\main\AndroidManifest.xml:79:13-77
intent-filter#android.intent.action.ACTION_POWER_CONNECTED+android.intent.action.ACTION_POWER_DISCONNECTED+android.intent.action.BOOT_COMPLETED+android.intent.action.MEDIA_MOUNTED+android.intent.action.USER_PRESENT+android.net.conn.CONNECTIVITY_CHANGE+com.baidu.android.pushservice.action.media.CLICK+com.baidu.android.pushservice.action.notification.SHOW
ADDED from src\main\AndroidManifest.xml:81:13-91:29
action#android.intent.action.BOOT_COMPLETED
ADDED from src\main\AndroidManifest.xml:82:17-79
	android:name
		ADDED from src\main\AndroidManifest.xml:82:25-76
action#android.net.conn.CONNECTIVITY_CHANGE
ADDED from src\main\AndroidManifest.xml:83:17-79
	android:name
		ADDED from src\main\AndroidManifest.xml:83:25-76
action#com.baidu.android.pushservice.action.notification.SHOW
ADDED from src\main\AndroidManifest.xml:84:17-97
	android:name
		ADDED from src\main\AndroidManifest.xml:84:25-94
action#com.baidu.android.pushservice.action.media.CLICK
ADDED from src\main\AndroidManifest.xml:85:17-91
	android:name
		ADDED from src\main\AndroidManifest.xml:85:25-88
action#android.intent.action.MEDIA_MOUNTED
ADDED from src\main\AndroidManifest.xml:87:17-78
	android:name
		ADDED from src\main\AndroidManifest.xml:87:25-75
action#android.intent.action.USER_PRESENT
ADDED from src\main\AndroidManifest.xml:88:17-77
	android:name
		ADDED from src\main\AndroidManifest.xml:88:25-74
action#android.intent.action.ACTION_POWER_CONNECTED
ADDED from src\main\AndroidManifest.xml:89:17-87
	android:name
		ADDED from src\main\AndroidManifest.xml:89:25-84
action#android.intent.action.ACTION_POWER_DISCONNECTED
ADDED from src\main\AndroidManifest.xml:90:17-90
	android:name
		ADDED from src\main\AndroidManifest.xml:90:25-87
receiver#com.baidu.android.pushservice.RegistrationReceiver
ADDED from src\main\AndroidManifest.xml:93:9-105:20
	android:process
		ADDED from src\main\AndroidManifest.xml:95:13-44
	android:name
		ADDED from src\main\AndroidManifest.xml:94:13-78
intent-filter#com.baidu.android.pushservice.action.BIND_SYNC+com.baidu.android.pushservice.action.METHOD
ADDED from src\main\AndroidManifest.xml:96:13-99:29
action#com.baidu.android.pushservice.action.METHOD
ADDED from src\main\AndroidManifest.xml:97:17-86
	android:name
		ADDED from src\main\AndroidManifest.xml:97:25-83
action#com.baidu.android.pushservice.action.BIND_SYNC
ADDED from src\main\AndroidManifest.xml:98:17-89
	android:name
		ADDED from src\main\AndroidManifest.xml:98:25-86
intent-filter#android.intent.action.PACKAGE_REMOVED
ADDED from src\main\AndroidManifest.xml:100:13-104:29
action#android.intent.action.PACKAGE_REMOVED
ADDED from src\main\AndroidManifest.xml:101:17-80
	android:name
		ADDED from src\main\AndroidManifest.xml:101:25-77
data
ADDED from src\main\AndroidManifest.xml:103:17-50
	android:scheme
		ADDED from src\main\AndroidManifest.xml:103:23-47
service#com.baidu.android.pushservice.PushService
ADDED from src\main\AndroidManifest.xml:107:9-114:19
	android:process
		ADDED from src\main\AndroidManifest.xml:110:13-44
	android:exported
		ADDED from src\main\AndroidManifest.xml:109:13-36
	android:name
		ADDED from src\main\AndroidManifest.xml:108:13-69
intent-filter#com.baidu.android.pushservice.action.PUSH_SERVICE
ADDED from src\main\AndroidManifest.xml:111:13-113:29
action#com.baidu.android.pushservice.action.PUSH_SERVICE
ADDED from src\main\AndroidManifest.xml:112:17-92
	android:name
		ADDED from src\main\AndroidManifest.xml:112:25-89
service#com.baidu.android.pushservice.CommandService
ADDED from src\main\AndroidManifest.xml:115:9-117:39
	android:exported
		ADDED from src\main\AndroidManifest.xml:117:13-36
	android:name
		ADDED from src\main\AndroidManifest.xml:116:13-72
meta-data#api_key
ADDED from src\main\AndroidManifest.xml:120:9-122:56
	android:name
		ADDED from src\main\AndroidManifest.xml:121:13-35
	android:value
		ADDED from src\main\AndroidManifest.xml:122:13-53